<?xml version="1.0" encoding="UTF-8"?>
<testsuite name="tdd.bright.calculator.CalculatorTest" tests="1" skipped="0" failures="0" errors="0" timestamp="2021-07-20T03:00:45" hostname="EastBrightuiMBP.skbroadband" time="0.048">
  <properties/>
  <testcase name="plus()" classname="tdd.bright.calculator.CalculatorTest" time="0.048"/>
  <system-out><![CDATA[]]></system-out>
  <system-err><![CDATA[]]></system-err>
</testsuite>
